<?xml version="1.0" encoding="UTF-8"?>
<testng-results retried="1" ignored="0" total="6" passed="5" failed="0" skipped="0">
  <reporter-output>
  </reporter-output>
  <suite started-at="2024-07-14T22:14:23 IST" name="POMPractice" finished-at="2024-07-14T22:16:38 IST" duration-ms="134716">
    <groups>
      <group name="Purchase">
        <method signature="POMBasedEndToEndOrderPlace.placeOrder(java.util.HashMap)[pri:0, instance:tests.POMBasedEndToEndOrderPlace@82de64a]" name="placeOrder" class="tests.POMBasedEndToEndOrderPlace"/>
      </group> <!-- Purchase -->
      <group name="loginPageError">
        <method signature="ErrorValidationTest.loginErrorValidation()[pri:0, instance:tests.ErrorValidationTest@46cdf8bd]" name="loginErrorValidation" class="tests.ErrorValidationTest"/>
      </group> <!-- loginPageError -->
    </groups>
    <test started-at="2024-07-14T22:14:23 IST" name="ErrorValidation" finished-at="2024-07-14T22:15:11 IST" duration-ms="48346">
      <class name="tests.ErrorValidationTest">
        <test-method is-config="true" signature="launchApp()[pri:0, instance:tests.ErrorValidationTest@46cdf8bd]" started-at="2024-07-14T22:14:23 IST" name="launchApp" finished-at="2024-07-14T22:14:33 IST" duration-ms="10077" status="PASS">
          <reporter-output>
          </reporter-output>
        </test-method> <!-- launchApp -->
        <test-method signature="loginErrorValidation()[pri:0, instance:tests.ErrorValidationTest@46cdf8bd]" started-at="2024-07-14T22:14:33 IST" name="loginErrorValidation" finished-at="2024-07-14T22:14:45 IST" duration-ms="12276" status="PASS">
          <reporter-output>
          </reporter-output>
        </test-method> <!-- loginErrorValidation -->
        <test-method is-config="true" signature="tearDown()[pri:0, instance:tests.ErrorValidationTest@46cdf8bd]" started-at="2024-07-14T22:14:45 IST" name="tearDown" finished-at="2024-07-14T22:14:45 IST" duration-ms="116" status="PASS">
          <reporter-output>
          </reporter-output>
        </test-method> <!-- tearDown -->
        <test-method is-config="true" signature="launchApp()[pri:0, instance:tests.ErrorValidationTest@46cdf8bd]" started-at="2024-07-14T22:14:45 IST" name="launchApp" finished-at="2024-07-14T22:14:56 IST" duration-ms="10309" status="PASS">
          <reporter-output>
          </reporter-output>
        </test-method> <!-- launchApp -->
        <test-method signature="prodErrorValidation()[pri:0, instance:tests.ErrorValidationTest@46cdf8bd]" started-at="2024-07-14T22:14:56 IST" name="prodErrorValidation" finished-at="2024-07-14T22:15:11 IST" duration-ms="15339" status="PASS">
          <reporter-output>
          </reporter-output>
        </test-method> <!-- prodErrorValidation -->
        <test-method is-config="true" signature="tearDown()[pri:0, instance:tests.ErrorValidationTest@46cdf8bd]" started-at="2024-07-14T22:15:11 IST" name="tearDown" finished-at="2024-07-14T22:15:11 IST" duration-ms="114" status="PASS">
          <reporter-output>
          </reporter-output>
        </test-method> <!-- tearDown -->
      </class> <!-- tests.ErrorValidationTest -->
    </test> <!-- ErrorValidation -->
    <test started-at="2024-07-14T22:14:23 IST" name="SubmitOrder" finished-at="2024-07-14T22:16:38 IST" duration-ms="134716">
      <class name="tests.POMBasedEndToEndOrderPlace">
        <test-method is-config="true" signature="launchApp()[pri:0, instance:tests.POMBasedEndToEndOrderPlace@82de64a]" started-at="2024-07-14T22:14:23 IST" name="launchApp" finished-at="2024-07-14T22:14:33 IST" duration-ms="9894" status="PASS">
          <reporter-output>
          </reporter-output>
        </test-method> <!-- launchApp -->
        <test-method retried="true" signature="placeOrder(java.util.HashMap)[pri:0, instance:tests.POMBasedEndToEndOrderPlace@82de64a]" started-at="2024-07-14T22:14:33 IST" name="placeOrder" data-provider="inputData" finished-at="2024-07-14T22:15:07 IST" duration-ms="34025" status="SKIP">
          <params>
            <param index="0">
              <value>
                <![CDATA[{product=ZARA COAT 3, pwd=Roserose7, email=alisharose@gmail.com}]]>
              </value>
            </param>
          </params>
          <exception class="java.lang.AssertionError">
            <message>
              <![CDATA[expected [true] but found [false]]]>
            </message>
            <full-stacktrace>
              <![CDATA[java.lang.AssertionError: expected [true] but found [false]
at org.testng.Assert.fail(Assert.java:110)
at org.testng.Assert.failNotEquals(Assert.java:1413)
at org.testng.Assert.assertTrue(Assert.java:56)
at org.testng.Assert.assertTrue(Assert.java:66)
at tests.POMBasedEndToEndOrderPlace.placeOrder(POMBasedEndToEndOrderPlace.java:30)
at java.base/jdk.internal.reflect.DirectMethodHandleAccessor.invoke(DirectMethodHandleAccessor.java:104)
at java.base/java.lang.reflect.Method.invoke(Method.java:577)
at org.testng.internal.invokers.MethodInvocationHelper.invokeMethod(MethodInvocationHelper.java:139)
at org.testng.internal.invokers.TestInvoker.invokeMethod(TestInvoker.java:677)
at org.testng.internal.invokers.TestInvoker.invokeTestMethod(TestInvoker.java:221)
at org.testng.internal.invokers.MethodRunner.runInSequence(MethodRunner.java:50)
at org.testng.internal.invokers.TestInvoker$MethodInvocationAgent.invoke(TestInvoker.java:962)
at org.testng.internal.invokers.TestInvoker.invokeTestMethods(TestInvoker.java:194)
at org.testng.internal.invokers.TestMethodWorker.invokeTestMethods(TestMethodWorker.java:148)
at org.testng.internal.invokers.TestMethodWorker.run(TestMethodWorker.java:128)
at java.base/java.util.ArrayList.forEach(ArrayList.java:1511)
at org.testng.TestRunner.privateRun(TestRunner.java:806)
at org.testng.TestRunner.run(TestRunner.java:601)
at org.testng.SuiteRunner.runTest(SuiteRunner.java:433)
at org.testng.SuiteRunner$SuiteWorker.run(SuiteRunner.java:471)
at org.testng.internal.thread.ThreadUtil.lambda$execute$0(ThreadUtil.java:58)
at java.base/java.util.concurrent.FutureTask.run(FutureTask.java:264)
at java.base/java.util.concurrent.ThreadPoolExecutor.runWorker(ThreadPoolExecutor.java:1136)
at java.base/java.util.concurrent.ThreadPoolExecutor$Worker.run(ThreadPoolExecutor.java:635)
at java.base/java.lang.Thread.run(Thread.java:833)
]]>
            </full-stacktrace>
          </exception> <!-- java.lang.AssertionError -->
          <reporter-output>
          </reporter-output>
        </test-method> <!-- placeOrder -->
        <test-method is-config="true" signature="tearDown()[pri:0, instance:tests.POMBasedEndToEndOrderPlace@82de64a]" started-at="2024-07-14T22:15:07 IST" name="tearDown" finished-at="2024-07-14T22:15:07 IST" duration-ms="113" status="PASS">
          <reporter-output>
          </reporter-output>
        </test-method> <!-- tearDown -->
        <test-method is-config="true" signature="launchApp()[pri:0, instance:tests.POMBasedEndToEndOrderPlace@82de64a]" started-at="2024-07-14T22:15:07 IST" name="launchApp" finished-at="2024-07-14T22:15:18 IST" duration-ms="10630" status="PASS">
          <reporter-output>
          </reporter-output>
        </test-method> <!-- launchApp -->
        <test-method signature="placeOrder(java.util.HashMap)[pri:0, instance:tests.POMBasedEndToEndOrderPlace@82de64a]" started-at="2024-07-14T22:15:18 IST" name="placeOrder" data-provider="inputData" finished-at="2024-07-14T22:15:42 IST" duration-ms="24263" status="PASS">
          <params>
            <param index="0">
              <value>
                <![CDATA[{product=ZARA COAT 3, pwd=Roserose7, email=alisharose@gmail.com}]]>
              </value>
            </param>
          </params>
          <reporter-output>
          </reporter-output>
        </test-method> <!-- placeOrder -->
        <test-method is-config="true" signature="tearDown()[pri:0, instance:tests.POMBasedEndToEndOrderPlace@82de64a]" started-at="2024-07-14T22:15:42 IST" name="tearDown" finished-at="2024-07-14T22:15:42 IST" duration-ms="111" status="PASS">
          <reporter-output>
          </reporter-output>
        </test-method> <!-- tearDown -->
        <test-method is-config="true" signature="launchApp()[pri:0, instance:tests.POMBasedEndToEndOrderPlace@82de64a]" started-at="2024-07-14T22:15:42 IST" name="launchApp" finished-at="2024-07-14T22:15:51 IST" duration-ms="9165" status="PASS">
          <reporter-output>
          </reporter-output>
        </test-method> <!-- launchApp -->
        <test-method signature="placeOrder(java.util.HashMap)[pri:0, instance:tests.POMBasedEndToEndOrderPlace@82de64a]" started-at="2024-07-14T22:15:51 IST" name="placeOrder" data-provider="inputData" finished-at="2024-07-14T22:16:15 IST" duration-ms="23873" status="PASS">
          <params>
            <param index="0">
              <value>
                <![CDATA[{product=ADIDAS ORIGINAL, pwd=Roserose0, email=popculture@gmail.com}]]>
              </value>
            </param>
          </params>
          <reporter-output>
          </reporter-output>
        </test-method> <!-- placeOrder -->
        <test-method is-config="true" signature="tearDown()[pri:0, instance:tests.POMBasedEndToEndOrderPlace@82de64a]" started-at="2024-07-14T22:16:15 IST" name="tearDown" finished-at="2024-07-14T22:16:15 IST" duration-ms="111" status="PASS">
          <reporter-output>
          </reporter-output>
        </test-method> <!-- tearDown -->
        <test-method is-config="true" signature="launchApp()[pri:0, instance:tests.POMBasedEndToEndOrderPlace@82de64a]" started-at="2024-07-14T22:16:15 IST" name="launchApp" finished-at="2024-07-14T22:16:27 IST" duration-ms="11431" status="PASS">
          <reporter-output>
          </reporter-output>
        </test-method> <!-- launchApp -->
        <test-method signature="checkProdInOrderPage()[pri:0, instance:tests.POMBasedEndToEndOrderPlace@82de64a]" started-at="2024-07-14T22:16:27 IST" name="checkProdInOrderPage" finished-at="2024-07-14T22:16:37 IST" depends-on-methods="tests.POMBasedEndToEndOrderPlace.placeOrder" duration-ms="10691" status="PASS">
          <reporter-output>
          </reporter-output>
        </test-method> <!-- checkProdInOrderPage -->
        <test-method is-config="true" signature="tearDown()[pri:0, instance:tests.POMBasedEndToEndOrderPlace@82de64a]" started-at="2024-07-14T22:16:37 IST" name="tearDown" finished-at="2024-07-14T22:16:38 IST" duration-ms="111" status="PASS">
          <reporter-output>
          </reporter-output>
        </test-method> <!-- tearDown -->
      </class> <!-- tests.POMBasedEndToEndOrderPlace -->
    </test> <!-- SubmitOrder -->
  </suite> <!-- POMPractice -->
</testng-results>
